<?xml version="1.0" encoding="UTF-8"?>
<!-- Generated by org.testng.reporters.JUnitReportReporter -->
<testsuite hostname="DESKTOP-8R51UBR" failures="0" tests="2" name="testCases.TC001_AccountRegistrationTest" time="9.704" errors="0" timestamp="2025-01-04T04:56:30 IST" skipped="0">
  <testcase classname="testCases.TC001_AccountRegistrationTest" name="verify_acccount_registration" time="4.336"/>
  <testcase classname="testCases.TC001_AccountRegistrationTest" name="verify_acccount_registration" time="5.368"/>
</testsuite> <!-- testCases.TC001_AccountRegistrationTest -->
