<?xml version="1.0" encoding="UTF-8"?>
<!-- Generated by org.testng.reporters.JUnitReportReporter -->
<testsuite hostname="DESKTOP-8R51UBR" failures="0" tests="1" name="testCases.TC004_SearchFunctionality" time="2.745" errors="0" timestamp="2025-01-08T09:49:02 IST" skipped="0">
  <testcase classname="testCases.TC004_SearchFunctionality" name="searchItem" time="2.745"/>
</testsuite> <!-- testCases.TC004_SearchFunctionality -->
