<?xml version="1.0" encoding="UTF-8"?>
<!-- Generated by org.testng.reporters.JUnitReportReporter -->
<testsuite hostname="DESKTOP-8R51UBR" failures="0" tests="1" name="testCases.TC002_LoginTest" time="1.958" errors="0" timestamp="2025-01-07T10:37:36 IST" skipped="0">
  <testcase classname="testCases.TC002_LoginTest" name="verifyLogin" time="1.958"/>
</testsuite> <!-- testCases.TC002_LoginTest -->
