<?xml version="1.0" encoding="UTF-8"?>
<!-- Generated by org.testng.reporters.JUnitReportReporter -->
<testsuite hostname="DESKTOP-8R51UBR" failures="0" tests="1" name="com.vish.testCases.TC006_SearchFunctionality" time="3.467" errors="0" timestamp="2025-03-10T09:34:19 IST" skipped="0">
  <testcase classname="com.vish.testCases.TC006_SearchFunctionality" name="searchItem" time="3.467"/>
</testsuite> <!-- com.vish.testCases.TC006_SearchFunctionality -->
