<?xml version="1.0" encoding="UTF-8"?>
<!-- Generated by org.testng.reporters.JUnitReportReporter -->
<testsuite hostname="DESKTOP-8R51UBR" failures="0" tests="2" name="com.vish.testCases.TC004_SearchFunctionality" time="4.583" errors="0" timestamp="2025-03-09T01:21:21 IST" skipped="0">
  <testcase classname="com.vish.testCases.TC004_SearchFunctionality" name="searchItem" time="3.437"/>
  <testcase classname="com.vish.testCases.TC004_SearchFunctionality" name="invalidSearchItem" time="1.146"/>
</testsuite> <!-- com.vish.testCases.TC004_SearchFunctionality -->
