<?xml version="1.0" encoding="UTF-8"?>
<!-- Generated by org.testng.reporters.JUnitReportReporter -->
<testsuite hostname="DESKTOP-8R51UBR" failures="0" tests="3" name="testCases.TC002_LoginTest" time="5.860" errors="0" timestamp="2025-01-17T09:17:37 IST" skipped="0">
  <testcase classname="testCases.TC002_LoginTest" name="verifyLogin" time="1.833"/>
  <testcase classname="testCases.TC002_LoginTest" name="blankLogin" time="2.356"/>
  <testcase classname="testCases.TC002_LoginTest" name="invalidLogin" time="1.671"/>
</testsuite> <!-- testCases.TC002_LoginTest -->
