<?xml version="1.0" encoding="UTF-8"?>
<!-- Generated by org.testng.reporters.JUnitReportReporter -->
<testsuite hostname="DESKTOP-8R51UBR" failures="0" tests="1" name="com.vish.testCases.TC001_AccountRegistrationTest" time="2.378" errors="0" timestamp="2025-03-09T01:26:54 IST" skipped="0">
  <testcase classname="com.vish.testCases.TC001_AccountRegistrationTest" name="verify_acccount_registration" time="2.378"/>
</testsuite> <!-- com.vish.testCases.TC001_AccountRegistrationTest -->
