<?xml version="1.0" encoding="UTF-8"?>
<!-- Generated by org.testng.reporters.JUnitReportReporter -->
<testsuite hostname="DESKTOP-8R51UBR" failures="0" tests="1" name="testCases.TC001_AccountRegistrationTest" time="2.972" errors="0" timestamp="2025-01-08T09:49:02 IST" skipped="0">
  <testcase classname="testCases.TC001_AccountRegistrationTest" name="verify_acccount_registration" time="2.972"/>
</testsuite> <!-- testCases.TC001_AccountRegistrationTest -->
