<?xml version="1.0" encoding="UTF-8"?>
<!-- Generated by org.testng.reporters.JUnitReportReporter -->
<testsuite hostname="DESKTOP-8R51UBR" failures="0" tests="2" name="com.vish.testCases.TC006_SearchFunctionality" time="4.070" errors="0" timestamp="2025-03-09T01:26:54 IST" skipped="0">
  <testcase classname="com.vish.testCases.TC006_SearchFunctionality" name="searchItem" time="2.989"/>
  <testcase classname="com.vish.testCases.TC006_SearchFunctionality" name="invalidSearchItem" time="1.081"/>
</testsuite> <!-- com.vish.testCases.TC006_SearchFunctionality -->
