<?xml version="1.0" encoding="UTF-8"?>
<!-- Generated by org.testng.reporters.JUnitReportReporter -->
<testsuite hostname="DESKTOP-8R51UBR" failures="0" tests="1" name="com.vish.testCases.TC001_AccountRegistrationTest" time="3.237" errors="0" timestamp="2025-03-10T09:34:19 IST" skipped="0">
  <testcase classname="com.vish.testCases.TC001_AccountRegistrationTest" name="verify_acccount_registration" time="3.237"/>
</testsuite> <!-- com.vish.testCases.TC001_AccountRegistrationTest -->
