<?xml version="1.0" encoding="UTF-8"?>
<!-- Generated by org.testng.reporters.JUnitReportReporter -->
<testsuite hostname="DESKTOP-8R51UBR" failures="0" tests="2" name="testCases.TC004_SearchFunctionality" time="4.467" errors="0" timestamp="2025-02-21T23:53:12 IST" skipped="0">
  <testcase classname="testCases.TC004_SearchFunctionality" name="searchItem" time="3.365"/>
  <testcase classname="testCases.TC004_SearchFunctionality" name="invalidSearchItem" time="1.102"/>
</testsuite> <!-- testCases.TC004_SearchFunctionality -->
