<?xml version="1.0" encoding="UTF-8"?>
<!-- Generated by org.testng.reporters.JUnitReportReporter -->
<testsuite hostname="DESKTOP-8R51UBR" failures="0" tests="1" name="com.vish.testCases.TC004_BlankLoginTest" time="1.384" errors="0" timestamp="2025-03-09T01:26:54 IST" skipped="0">
  <testcase classname="com.vish.testCases.TC004_BlankLoginTest" name="blankLogin" time="1.384"/>
</testsuite> <!-- com.vish.testCases.TC004_BlankLoginTest -->
