<?xml version="1.0" encoding="UTF-8"?>
<!-- Generated by org.testng.reporters.JUnitReportReporter -->
<testsuite hostname="DESKTOP-8R51UBR" failures="0" tests="3" name="testCases.TC002_LoginTest" time="5.515" errors="0" timestamp="2025-01-16T08:38:56 IST" skipped="0">
  <testcase classname="testCases.TC002_LoginTest" name="verifyLogin" time="2.009"/>
  <testcase classname="testCases.TC002_LoginTest" name="invalidLogin" time="1.483"/>
  <testcase classname="testCases.TC002_LoginTest" name="blankLogin" time="2.023"/>
</testsuite> <!-- testCases.TC002_LoginTest -->
