<?xml version="1.0" encoding="UTF-8"?>
<!-- Generated by org.testng.reporters.JUnitReportReporter -->
<testsuite hostname="DESKTOP-8R51UBR" failures="0" tests="1" name="testCases.TC005_SearchFunctionality" time="3.295" errors="0" timestamp="2025-01-08T09:43:16 IST" skipped="0">
  <testcase classname="testCases.TC005_SearchFunctionality" name="searchItem" time="3.295"/>
</testsuite> <!-- testCases.TC005_SearchFunctionality -->
