<?xml version="1.0" encoding="UTF-8"?>
<!-- Generated by org.testng.reporters.JUnitReportReporter -->
<testsuite hostname="DESKTOP-8R51UBR" failures="0" tests="3" name="testCases.TC002_LoginTest" time="4.472" errors="0" timestamp="2025-02-21T23:18:13 IST" skipped="0">
  <testcase classname="testCases.TC002_LoginTest" name="blankLogin" time="1.281"/>
  <testcase classname="testCases.TC002_LoginTest" name="verifyLogin" time="1.863"/>
  <testcase classname="testCases.TC002_LoginTest" name="invalidLogin" time="1.328"/>
</testsuite> <!-- testCases.TC002_LoginTest -->
