<?xml version="1.0" encoding="UTF-8"?>
<!-- Generated by org.testng.reporters.JUnitReportReporter -->
<testsuite hostname="DESKTOP-8R51UBR" failures="0" tests="1" name="testCases.TC001_AccountRegistrationTest" time="2.729" errors="0" timestamp="2025-02-21T23:18:13 IST" skipped="0">
  <testcase classname="testCases.TC001_AccountRegistrationTest" name="verify_acccount_registration" time="2.729"/>
</testsuite> <!-- testCases.TC001_AccountRegistrationTest -->
