<?xml version="1.0" encoding="UTF-8"?>
<!-- Generated by org.testng.reporters.JUnitReportReporter -->
<testsuite hostname="DESKTOP-8R51UBR" failures="0" tests="1" name="testCases.TC002_LoginTest" time="2.029" errors="0" timestamp="2025-01-05T00:05:12 IST" skipped="0">
  <testcase classname="testCases.TC002_LoginTest" name="verifyLogin" time="2.029"/>
</testsuite> <!-- testCases.TC002_LoginTest -->
